<?xml version="1.0" encoding="UTF-8"?>
<!-- Generated by org.testng.reporters.JUnitReportReporter -->
<testsuite hostname="AURA5CD2041XM9" failures="0" tests="1" name="tests.LoginTest" time="8.039" errors="0" timestamp="2022-07-15T12:33:16 CEST" skipped="0">
  <testcase classname="tests.LoginTest" name="test" time="8.039"/>
</testsuite> <!-- tests.LoginTest -->
