<?xml version="1.0" encoding="UTF-8"?>
<!-- Generated by org.testng.reporters.JUnitReportReporter -->
<testsuite hostname="AURA5CD2041XM9" failures="0" tests="1" name="dvn.LoginTest" time="0.015" errors="0" timestamp="2022-07-14T23:59:51 CEST" skipped="0">
  <testcase classname="dvn.LoginTest" name="test" time="0.015"/>
</testsuite> <!-- dvn.LoginTest -->
