<?xml version="1.0" encoding="UTF-8"?>
<!-- Generated by org.testng.reporters.JUnitReportReporter -->
<testsuite hostname="AURA5CD2041XM9" failures="0" tests="1" name="tests.BuscarProductoTest" time="11.047" errors="0" timestamp="2022-07-15T13:03:29 CEST" skipped="0">
  <testcase classname="tests.BuscarProductoTest" name="test" time="11.047"/>
</testsuite> <!-- tests.BuscarProductoTest -->
